Build started 11/18/2012 12:47:00 AM.
     1>Project "C:\Users\Adam\Documents\GitHub\tutorial-game\game-tutorial\game-tutorial\game-tutorial.vcxproj" on node 2 (build target(s)).
     1>InitializeBuildStatus:
         Creating "Debug\game-tutorial.unsuccessfulbuild" because "AlwaysCreate" was specified.
       ClCompile:
         All outputs are up-to-date.
         c:\Program Files (x86)\Microsoft Visual Studio 10.0\VC\bin\CL.exe /c /ZI /nologo /W3 /WX- /Od /Oy- /D WIN32 /D _DEBUG /D _CONSOLE /D _UNICODE /D UNICODE /Gm /EHsc /RTC1 /MDd /GS /fp:precise /Zc:wchar_t /Zc:forScope /Yu"StdAfx.h" /Fp"Debug\game-tutorial.pch" /Fo"Debug\\" /Fd"Debug\vc100.pdb" /Gd /TP /analyze- /errorReport:prompt "game-tutorial.cpp"
         game-tutorial.cpp
       ManifestResourceCompile:
         All outputs are up-to-date.
       Link:
         c:\Program Files (x86)\Microsoft Visual Studio 10.0\VC\bin\link.exe /ERRORREPORT:PROMPT /OUT:"C:\Users\Adam\Documents\GitHub\tutorial-game\game-tutorial\Debug\game-tutorial.exe" /INCREMENTAL /NOLOGO kernel32.lib user32.lib gdi32.lib winspool.lib comdlg32.lib advapi32.lib shell32.lib ole32.lib oleaut32.lib uuid.lib odbc32.lib odbccp32.lib /MANIFEST /ManifestFile:"Debug\game-tutorial.exe.intermediate.manifest" /MANIFESTUAC:"level='asInvoker' uiAccess='false'" /DEBUG /PDB:"C:\Users\Adam\Documents\GitHub\tutorial-game\game-tutorial\Debug\game-tutorial.pdb" /SUBSYSTEM:CONSOLE /TLBID:1 /DYNAMICBASE /NXCOMPAT /IMPLIB:"C:\Users\Adam\Documents\GitHub\tutorial-game\game-tutorial\Debug\game-tutorial.lib" /MACHINE:X86 "Debug\game-tutorial.exe.embed.manifest.res"
         Debug\Car.obj
         "Debug\game-tutorial.obj"
         Debug\Handy.obj
         Debug\stdafx.obj
       Manifest:
         C:\Program Files (x86)\Microsoft SDKs\Windows\v7.0A\bin\mt.exe /nologo /verbose /out:"Debug\game-tutorial.exe.embed.manifest" /manifest "Debug\game-tutorial.exe.intermediate.manifest"
         All outputs are up-to-date.
       LinkEmbedManifest:
         All outputs are up-to-date.
         game-tutorial.vcxproj -> C:\Users\Adam\Documents\GitHub\tutorial-game\game-tutorial\Debug\game-tutorial.exe
       FinalizeBuildStatus:
         Deleting file "Debug\game-tutorial.unsuccessfulbuild".
         Touching "Debug\game-tutorial.lastbuildstate".
     1>Done Building Project "C:\Users\Adam\Documents\GitHub\tutorial-game\game-tutorial\game-tutorial\game-tutorial.vcxproj" (build target(s)).

Build succeeded.

Time Elapsed 00:00:02.08
