C:\USERS\ADAM\DOCUMENTS\GITHUB\TUTORIAL-GAME\GAME-TUTORIAL\DEBUG\GAME-TUTORIAL.EXE
C:\USERS\ADAM\DOCUMENTS\GITHUB\TUTORIAL-GAME\GAME-TUTORIAL\DEBUG\GAME-TUTORIAL.ILK
C:\USERS\ADAM\DOCUMENTS\GITHUB\TUTORIAL-GAME\GAME-TUTORIAL\DEBUG\GAME-TUTORIAL.PDB
C:\USERS\ADAM\DOCUMENTS\GITHUB\TUTORIAL-GAME\GAME-TUTORIAL\GAME-TUTORIAL\DEBUG\CAR.OBJ
C:\Users\Adam\Documents\GitHub\tutorial-game\game-tutorial\game-tutorial\Debug\cl.command.1.tlog
C:\Users\Adam\Documents\GitHub\tutorial-game\game-tutorial\game-tutorial\Debug\CL.read.1.tlog
C:\Users\Adam\Documents\GitHub\tutorial-game\game-tutorial\game-tutorial\Debug\CL.write.1.tlog
C:\USERS\ADAM\DOCUMENTS\GITHUB\TUTORIAL-GAME\GAME-TUTORIAL\GAME-TUTORIAL\DEBUG\GAME-TUTORIAL.EXE.EMBED.MANIFEST
C:\USERS\ADAM\DOCUMENTS\GITHUB\TUTORIAL-GAME\GAME-TUTORIAL\GAME-TUTORIAL\DEBUG\GAME-TUTORIAL.EXE.EMBED.MANIFEST.RES
C:\USERS\ADAM\DOCUMENTS\GITHUB\TUTORIAL-GAME\GAME-TUTORIAL\GAME-TUTORIAL\DEBUG\GAME-TUTORIAL.EXE.INTERMEDIATE.MANIFEST
C:\USERS\ADAM\DOCUMENTS\GITHUB\TUTORIAL-GAME\GAME-TUTORIAL\GAME-TUTORIAL\DEBUG\GAME-TUTORIAL.OBJ
C:\USERS\ADAM\DOCUMENTS\GITHUB\TUTORIAL-GAME\GAME-TUTORIAL\GAME-TUTORIAL\DEBUG\GAME-TUTORIAL.PCH
C:\Users\Adam\Documents\GitHub\tutorial-game\game-tutorial\game-tutorial\Debug\game-tutorial_manifest.rc
C:\USERS\ADAM\DOCUMENTS\GITHUB\TUTORIAL-GAME\GAME-TUTORIAL\GAME-TUTORIAL\DEBUG\HANDY.OBJ
C:\Users\Adam\Documents\GitHub\tutorial-game\game-tutorial\game-tutorial\Debug\link.2968.read.1.tlog
C:\Users\Adam\Documents\GitHub\tutorial-game\game-tutorial\game-tutorial\Debug\link.2968.write.1.tlog
C:\Users\Adam\Documents\GitHub\tutorial-game\game-tutorial\game-tutorial\Debug\link.2968-cvtres.read.1.tlog
C:\Users\Adam\Documents\GitHub\tutorial-game\game-tutorial\game-tutorial\Debug\link.2968-cvtres.write.1.tlog
C:\Users\Adam\Documents\GitHub\tutorial-game\game-tutorial\game-tutorial\Debug\link.3524.read.1.tlog
C:\Users\Adam\Documents\GitHub\tutorial-game\game-tutorial\game-tutorial\Debug\link.3524.write.1.tlog
C:\Users\Adam\Documents\GitHub\tutorial-game\game-tutorial\game-tutorial\Debug\link.3524-cvtres.read.1.tlog
C:\Users\Adam\Documents\GitHub\tutorial-game\game-tutorial\game-tutorial\Debug\link.3524-cvtres.write.1.tlog
C:\Users\Adam\Documents\GitHub\tutorial-game\game-tutorial\game-tutorial\Debug\link.5476.read.1.tlog
C:\Users\Adam\Documents\GitHub\tutorial-game\game-tutorial\game-tutorial\Debug\link.5476.write.1.tlog
C:\Users\Adam\Documents\GitHub\tutorial-game\game-tutorial\game-tutorial\Debug\link.5476-cvtres.read.1.tlog
C:\Users\Adam\Documents\GitHub\tutorial-game\game-tutorial\game-tutorial\Debug\link.5476-cvtres.write.1.tlog
C:\Users\Adam\Documents\GitHub\tutorial-game\game-tutorial\game-tutorial\Debug\link.6916.read.1.tlog
C:\Users\Adam\Documents\GitHub\tutorial-game\game-tutorial\game-tutorial\Debug\link.6916.write.1.tlog
C:\Users\Adam\Documents\GitHub\tutorial-game\game-tutorial\game-tutorial\Debug\link.6916-cvtres.read.1.tlog
C:\Users\Adam\Documents\GitHub\tutorial-game\game-tutorial\game-tutorial\Debug\link.6916-cvtres.write.1.tlog
C:\Users\Adam\Documents\GitHub\tutorial-game\game-tutorial\game-tutorial\Debug\link.7340.read.1.tlog
C:\Users\Adam\Documents\GitHub\tutorial-game\game-tutorial\game-tutorial\Debug\link.7340.write.1.tlog
C:\Users\Adam\Documents\GitHub\tutorial-game\game-tutorial\game-tutorial\Debug\link.7340-cvtres.read.1.tlog
C:\Users\Adam\Documents\GitHub\tutorial-game\game-tutorial\game-tutorial\Debug\link.7340-cvtres.write.1.tlog
C:\Users\Adam\Documents\GitHub\tutorial-game\game-tutorial\game-tutorial\Debug\link.command.1.tlog
C:\Users\Adam\Documents\GitHub\tutorial-game\game-tutorial\game-tutorial\Debug\link.read.1.tlog
C:\Users\Adam\Documents\GitHub\tutorial-game\game-tutorial\game-tutorial\Debug\link.write.1.tlog
C:\Users\Adam\Documents\GitHub\tutorial-game\game-tutorial\game-tutorial\Debug\link-cvtres.read.1.tlog
C:\Users\Adam\Documents\GitHub\tutorial-game\game-tutorial\game-tutorial\Debug\link-cvtres.write.1.tlog
C:\Users\Adam\Documents\GitHub\tutorial-game\game-tutorial\game-tutorial\Debug\mt.command.1.tlog
C:\Users\Adam\Documents\GitHub\tutorial-game\game-tutorial\game-tutorial\Debug\mt.read.1.tlog
C:\Users\Adam\Documents\GitHub\tutorial-game\game-tutorial\game-tutorial\Debug\mt.write.1.tlog
C:\Users\Adam\Documents\GitHub\tutorial-game\game-tutorial\game-tutorial\Debug\rc.command.1.tlog
C:\Users\Adam\Documents\GitHub\tutorial-game\game-tutorial\game-tutorial\Debug\rc.read.1.tlog
C:\Users\Adam\Documents\GitHub\tutorial-game\game-tutorial\game-tutorial\Debug\rc.write.1.tlog
C:\USERS\ADAM\DOCUMENTS\GITHUB\TUTORIAL-GAME\GAME-TUTORIAL\GAME-TUTORIAL\DEBUG\STDAFX.OBJ
C:\Users\Adam\Documents\GitHub\tutorial-game\game-tutorial\game-tutorial\Debug\vc100.idb
C:\USERS\ADAM\DOCUMENTS\GITHUB\TUTORIAL-GAME\GAME-TUTORIAL\GAME-TUTORIAL\DEBUG\VC100.PDB
